Determining if the pthread_create exist failed with the following output:
Change Dir: /home/nvidia/undistort/build/CMakeFiles/CMakeTmp

Run Build Command:"/usr/bin/make" "cmTC_1e01d/fast"
/usr/bin/make -f CMakeFiles/cmTC_1e01d.dir/build.make CMakeFiles/cmTC_1e01d.dir/build
make[1]: Entering directory '/home/nvidia/undistort/build/CMakeFiles/CMakeTmp'
Building C object CMakeFiles/cmTC_1e01d.dir/CheckSymbolExists.c.o
/usr/bin/cc    -fPIC    -o CMakeFiles/cmTC_1e01d.dir/CheckSymbolExists.c.o   -c /home/nvidia/undistort/build/CMakeFiles/CMakeTmp/CheckSymbolExists.c
Linking C executable cmTC_1e01d
/usr/bin/cmake -E cmake_link_script CMakeFiles/cmTC_1e01d.dir/link.txt --verbose=1
/usr/bin/cc  -fPIC     CMakeFiles/cmTC_1e01d.dir/CheckSymbolExists.c.o  -o cmTC_1e01d -rdynamic 
CMakeFiles/cmTC_1e01d.dir/CheckSymbolExists.c.o: In function `main':
CheckSymbolExists.c:(.text+0x14): undefined reference to `pthread_create'
CheckSymbolExists.c:(.text+0x18): undefined reference to `pthread_create'
collect2: error: ld returned 1 exit status
CMakeFiles/cmTC_1e01d.dir/build.make:97: recipe for target 'cmTC_1e01d' failed
make[1]: *** [cmTC_1e01d] Error 1
make[1]: Leaving directory '/home/nvidia/undistort/build/CMakeFiles/CMakeTmp'
Makefile:126: recipe for target 'cmTC_1e01d/fast' failed
make: *** [cmTC_1e01d/fast] Error 2

File /home/nvidia/undistort/build/CMakeFiles/CMakeTmp/CheckSymbolExists.c:
/* */
#include <pthread.h>

int main(int argc, char** argv)
{
  (void)argv;
#ifndef pthread_create
  return ((int*)(&pthread_create))[argc];
#else
  (void)argc;
  return 0;
#endif
}

Determining if the function pthread_create exists in the pthreads failed with the following output:
Change Dir: /home/nvidia/undistort/build/CMakeFiles/CMakeTmp

Run Build Command:"/usr/bin/make" "cmTC_78afc/fast"
/usr/bin/make -f CMakeFiles/cmTC_78afc.dir/build.make CMakeFiles/cmTC_78afc.dir/build
make[1]: Entering directory '/home/nvidia/undistort/build/CMakeFiles/CMakeTmp'
Building C object CMakeFiles/cmTC_78afc.dir/CheckFunctionExists.c.o
/usr/bin/cc    -fPIC -DCHECK_FUNCTION_EXISTS=pthread_create   -o CMakeFiles/cmTC_78afc.dir/CheckFunctionExists.c.o   -c /usr/share/cmake-3.5/Modules/CheckFunctionExists.c
Linking C executable cmTC_78afc
/usr/bin/cmake -E cmake_link_script CMakeFiles/cmTC_78afc.dir/link.txt --verbose=1
/usr/bin/cc  -fPIC -DCHECK_FUNCTION_EXISTS=pthread_create    CMakeFiles/cmTC_78afc.dir/CheckFunctionExists.c.o  -o cmTC_78afc -rdynamic -lpthreads 
/usr/bin/ld: cannot find -lpthreads
collect2: error: ld returned 1 exit status
CMakeFiles/cmTC_78afc.dir/build.make:97: recipe for target 'cmTC_78afc' failed
make[1]: *** [cmTC_78afc] Error 1
make[1]: Leaving directory '/home/nvidia/undistort/build/CMakeFiles/CMakeTmp'
Makefile:126: recipe for target 'cmTC_78afc/fast' failed
make: *** [cmTC_78afc/fast] Error 2


